\BOOKMARK [1][-]{section.1}{jQuery}{}% 1
\BOOKMARK [1][-]{section.2}{Underscore}{}% 2
\BOOKMARK [1][-]{section.3}{localStorage}{}% 3
\BOOKMARK [1][-]{section.4}{Heroku}{}% 4
\BOOKMARK [1][-]{section.5}{ECMA6}{}% 5
\BOOKMARK [1][-]{section.6}{Mongo y Mongoose}{}% 6
\BOOKMARK [1][-]{section.7}{EJS}{}% 7
\BOOKMARK [1][-]{section.8}{Jade}{}% 8
\BOOKMARK [1][-]{section.9}{SASS}{}% 9
\BOOKMARK [1][-]{section.10}{Expresiones Regulares}{}% 10
\BOOKMARK [1][-]{section.11}{JSON}{}% 11
\BOOKMARK [1][-]{section.12}{OOP}{}% 12
\BOOKMARK [1][-]{section.13}{Code Smelling}{}% 13
\BOOKMARK [1][-]{section.14}{HTML}{}% 14
\BOOKMARK [1][-]{section.15}{CSS}{}% 15
\BOOKMARK [1][-]{section.16}{Mocha, Chai}{}% 16
\BOOKMARK [1][-]{section.17}{Gulp}{}% 17
\BOOKMARK [1][-]{section.18}{npm y package.json}{}% 18
\BOOKMARK [1][-]{section.19}{Karma}{}% 19
\BOOKMARK [1][-]{section.20}{Ajax}{}% 20
