\BOOKMARK [-1][-]{part.1}{I PARTE: APUNTES DE PROCESADORES DE LENGUAJES}{}% 1
\BOOKMARK [0][-]{chapter.1}{Expresiones Regulares y An\341lisis L\351xico en JavaScript}{part.1}% 2
\BOOKMARK [1][-]{section.1.1}{Mozilla Developer Network: Documentaci\363n}{chapter.1}% 3
\BOOKMARK [1][-]{section.1.2}{Pr\341ctica: Conversor de Temperaturas}{chapter.1}% 4
\BOOKMARK [1][-]{section.1.3}{Pr\341ctica: Conversor de Temperaturas con Karma y Travis}{chapter.1}% 5
\BOOKMARK [1][-]{section.1.4}{Pr\341ctica: Comma Separated Values. CSV}{chapter.1}% 6
\BOOKMARK [1][-]{section.1.5}{Pr\341ctica: Comma Separated Values. CSV usando Ajax}{chapter.1}% 7
\BOOKMARK [1][-]{section.1.6}{Comentarios y Consejos}{chapter.1}% 8
\BOOKMARK [1][-]{section.1.7}{Ejercicios}{chapter.1}% 9
\BOOKMARK [1][-]{section.1.8}{Pr\341ctica: Palabras Repetidas}{chapter.1}% 10
\BOOKMARK [1][-]{section.1.9}{Ejercicios}{chapter.1}% 11
\BOOKMARK [1][-]{section.1.10}{Ejercicios}{chapter.1}% 12
\BOOKMARK [1][-]{section.1.11}{Pr\341ctica: Ficheros INI}{chapter.1}% 13
\BOOKMARK [1][-]{section.1.12}{Pr\341ctica: Analizador L\351xico para Un Subconjunto de JavaScript}{chapter.1}% 14
\BOOKMARK [0][-]{chapter.2}{Analizadores Descendentes Predictivos en JavaScript}{part.1}% 15
\BOOKMARK [1][-]{section.2.1}{Conceptos B\341sicos para el An\341lisis Sint\341ctico}{chapter.2}% 16
\BOOKMARK [2][-]{subsection.2.1.1}{Ejercicio}{section.2.1}% 17
\BOOKMARK [1][-]{section.2.2}{An\341lisis Sint\341ctico Predictivo Recursivo}{chapter.2}% 18
\BOOKMARK [2][-]{subsection.2.2.1}{Introducci\363n}{section.2.2}% 19
\BOOKMARK [2][-]{subsection.2.2.2}{Ejercicio: Recorrido del \341rbol en un ADPR}{section.2.2}% 20
\BOOKMARK [1][-]{section.2.3}{Recursi\363n por la Izquierda}{chapter.2}% 21
\BOOKMARK [1][-]{section.2.4}{Esquemas de Traducci\363n}{chapter.2}% 22
\BOOKMARK [1][-]{section.2.5}{Eliminaci\363n de la Recursi\363n por la Izquierda en un Esquema de Traducci\363n}{chapter.2}% 23
\BOOKMARK [1][-]{section.2.6}{Pr\341ctica: Analizador Descendente Predictivo Recursivo}{chapter.2}% 24
\BOOKMARK [0][-]{chapter.3}{An\341lisis Sint\341ctico Mediante Precedencia de Operadores en JavaScript}{part.1}% 25
\BOOKMARK [1][-]{section.3.1}{Ejemplo Simple de Int\351rprete: Una Calculadora}{chapter.3}% 26
\BOOKMARK [1][-]{section.3.2}{An\341lisis Top Down Usando Precedencia de Operadores}{chapter.3}% 27
\BOOKMARK [2][-]{subsection.3.2.1}{Gram\341tica de JavaScript}{section.3.2}% 28
\BOOKMARK [0][-]{chapter.4}{An\341lisis Descendente mediante Parsing Expresion Grammars en JavaScript}{part.1}% 29
\BOOKMARK [1][-]{section.4.1}{Introducci\363n a los PEGs}{chapter.4}% 30
\BOOKMARK [2][-]{subsection.4.1.1}{Syntax}{section.4.1}% 31
\BOOKMARK [2][-]{subsection.4.1.2}{Semantics}{section.4.1}% 32
\BOOKMARK [2][-]{subsection.4.1.3}{Implementing parsers from parsing expression grammars}{section.4.1}% 33
\BOOKMARK [2][-]{subsection.4.1.4}{Lexical Analysis}{section.4.1}% 34
\BOOKMARK [2][-]{subsection.4.1.5}{Left recursion}{section.4.1}% 35
\BOOKMARK [2][-]{subsection.4.1.6}{Referencias y Documentaci\363n}{section.4.1}% 36
\BOOKMARK [1][-]{section.4.2}{PEGJS}{chapter.4}% 37
\BOOKMARK [1][-]{section.4.3}{Un Ejemplo Sencillo}{chapter.4}% 38
\BOOKMARK [2][-]{subsection.4.3.1}{Asociaci\363n Incorrecta para la Resta y la Divisi\363n}{section.4.3}% 39
\BOOKMARK [2][-]{subsection.4.3.2}{Pr\341ctica: Eliminar Recursividad por la Izquierda}{section.4.3}% 40
\BOOKMARK [1][-]{section.4.4}{Sint\341xis y Sem\341ntica de PEG.js}{chapter.4}% 41
\BOOKMARK [2][-]{subsection.4.4.1}{La Gram\341tica de PEG.js}{section.4.4}% 42
\BOOKMARK [1][-]{section.4.5}{Acciones Intermedias}{chapter.4}% 43
\BOOKMARK [2][-]{subsection.4.5.1}{Usando Predicados Sem\341nticos}{section.4.5}% 44
\BOOKMARK [2][-]{subsection.4.5.2}{Usando Variable Sint\341ctica Intermedia}{section.4.5}% 45
\BOOKMARK [1][-]{section.4.6}{PegJS en los Browser}{chapter.4}% 46
\BOOKMARK [1][-]{section.4.7}{Eliminaci\363n de la Recursividad por la Izquierda en PEGs}{chapter.4}% 47
\BOOKMARK [2][-]{subsection.4.7.1}{Eliminaci\363n Usando Operadores de Repetici\363n}{section.4.7}% 48
\BOOKMARK [2][-]{subsection.4.7.2}{Eliminado la Recursividad por la Izquierda en la Calculadora Usando Operadores de Repetici\363n}{section.4.7}% 49
\BOOKMARK [2][-]{subsection.4.7.3}{Eliminaci\363n Usando Predicados Sem\341nticos: S\363lo Sint\341xis}{section.4.7}% 50
\BOOKMARK [2][-]{subsection.4.7.4}{Eliminaci\363n de la Recursi\363n por la Izquierda Incluyendo la Sem\341ntica}{section.4.7}% 51
\BOOKMARK [2][-]{subsection.4.7.5}{Atributos Heredados y PEGJS}{section.4.7}% 52
\BOOKMARK [2][-]{subsection.4.7.6}{Eliminado la Recursividad por la Izquierda en la Calculadora Usando Predicados Sem\341nticos}{section.4.7}% 53
\BOOKMARK [1][-]{section.4.8}{Reconocimiento de Lenguajes con PEGjs}{chapter.4}% 54
\BOOKMARK [2][-]{subsection.4.8.1}{PEGs versus Gram\341ticas}{section.4.8}% 55
\BOOKMARK [2][-]{subsection.4.8.2}{red Dangling else: Asociando un else con su if mas cercano}{section.4.8}% 56
\BOOKMARK [2][-]{subsection.4.8.3}{Not Predicate: Comentarios Anidados}{section.4.8}% 57
\BOOKMARK [2][-]{subsection.4.8.4}{Un Lenguaje Dependiente del Contexto}{section.4.8}% 58
\BOOKMARK [1][-]{section.4.9}{Pr\341ctica: Analizador de PL0 Usando PEG.js}{chapter.4}% 59
\BOOKMARK [1][-]{section.4.10}{Pr\341ctica: Analizador de PL0 Ampliado Usando PEG.js}{chapter.4}% 60
\BOOKMARK [1][-]{section.4.11}{Pr\341ctica: Ambiguedad en C++}{chapter.4}% 61
\BOOKMARK [1][-]{section.4.12}{Pr\341ctica: Inventando un Lenguaje: Tortoise}{chapter.4}% 62
\BOOKMARK [0][-]{chapter.5}{An\341lisis Sint\341ctico Ascendente en JavaScript}{part.1}% 63
\BOOKMARK [1][-]{section.5.1}{Conceptos B\341sicos para el An\341lisis Sint\341ctico}{chapter.5}% 64
\BOOKMARK [2][-]{subsection.5.1.1}{Ejercicio}{section.5.1}% 65
\BOOKMARK [1][-]{section.5.2}{Ejemplo Simple en Jison}{chapter.5}% 66
\BOOKMARK [2][-]{subsection.5.2.1}{V\351ase Tambi\351n}{section.5.2}% 67
\BOOKMARK [2][-]{subsection.5.2.2}{Pr\341ctica: Secuencia de Asignaciones Simples}{section.5.2}% 68
\BOOKMARK [1][-]{section.5.3}{Ejemplo en Jison: Calculadora Simple}{chapter.5}% 69
\BOOKMARK [2][-]{subsection.5.3.1}{Pr\341ctica: Calculadora con Listas de Expresiones y Variables}{section.5.3}% 70
\BOOKMARK [1][-]{section.5.4}{Usando Jison desde un Programa}{chapter.5}% 71
\BOOKMARK [1][-]{section.5.5}{Conceptos B\341sicos del An\341lisis LR}{chapter.5}% 72
\BOOKMARK [1][-]{section.5.6}{Construcci\363n de las Tablas para el An\341lisis SLR}{chapter.5}% 73
\BOOKMARK [2][-]{subsection.5.6.1}{Los conjuntos de Primeros y Siguientes}{section.5.6}% 74
\BOOKMARK [2][-]{subsection.5.6.2}{Construcci\363n de las Tablas}{section.5.6}% 75
\BOOKMARK [1][-]{section.5.7}{Pr\341ctica: Analizador de PL0 Usando Jison}{chapter.5}% 76
\BOOKMARK [1][-]{section.5.8}{Pr\341ctica: An\341lisis de \301mbito en PL0}{chapter.5}% 77
\BOOKMARK [1][-]{section.5.9}{Pr\341ctica: Traducci\363n de Infijo a Postfijo}{chapter.5}% 78
\BOOKMARK [1][-]{section.5.10}{Pr\341ctica: Calculadora con Funciones}{chapter.5}% 79
\BOOKMARK [1][-]{section.5.11}{Pr\341ctica: Calculadora con An\341lisis de \301mbito}{chapter.5}% 80
\BOOKMARK [1][-]{section.5.12}{Algoritmo de An\341lisis LR}{chapter.5}% 81
\BOOKMARK [1][-]{section.5.13}{El m\363dulo Generado por jison}{chapter.5}% 82
\BOOKMARK [2][-]{subsection.5.13.1}{Version}{section.5.13}% 83
\BOOKMARK [2][-]{subsection.5.13.2}{Gram\341tica Inicial}{section.5.13}% 84
\BOOKMARK [2][-]{subsection.5.13.3}{Tablas}{section.5.13}% 85
\BOOKMARK [2][-]{subsection.5.13.4}{Acciones Sem\341nticas}{section.5.13}% 86
\BOOKMARK [2][-]{subsection.5.13.5}{Tabla de Acciones y GOTOs}{section.5.13}% 87
\BOOKMARK [2][-]{subsection.5.13.6}{defaultActions}{section.5.13}% 88
\BOOKMARK [2][-]{subsection.5.13.7}{Reducciones}{section.5.13}% 89
\BOOKMARK [2][-]{subsection.5.13.8}{Desplazamientos/Shifts}{section.5.13}% 90
\BOOKMARK [2][-]{subsection.5.13.9}{Manejo de Errores}{section.5.13}% 91
\BOOKMARK [2][-]{subsection.5.13.10}{Analizador L\351xico}{section.5.13}% 92
\BOOKMARK [2][-]{subsection.5.13.11}{Exportaci\363n}{section.5.13}% 93
\BOOKMARK [1][-]{section.5.14}{Precedencia y Asociatividad}{chapter.5}% 94
\BOOKMARK [1][-]{section.5.15}{Esquemas de Traducci\363n}{chapter.5}% 95
\BOOKMARK [1][-]{section.5.16}{Manejo en jison de Atributos Heredados}{chapter.5}% 96
\BOOKMARK [1][-]{section.5.17}{Definici\363n Dirigida por la Sint\341xis}{chapter.5}% 97
\BOOKMARK [1][-]{section.5.18}{Ejercicios: Casos de Estudio}{chapter.5}% 98
\BOOKMARK [2][-]{subsection.5.18.1}{Un mal dise\361o}{section.5.18}% 99
\BOOKMARK [2][-]{subsection.5.18.2}{Gram\341tica no LR\(1\)}{section.5.18}% 100
\BOOKMARK [2][-]{subsection.5.18.3}{Un Lenguaje Intr\355nsecamente Ambiguo}{section.5.18}% 101
\BOOKMARK [2][-]{subsection.5.18.4}{Conflicto reduce-reduce}{section.5.18}% 102
\BOOKMARK [1][-]{section.5.19}{Recuperaci\363n de Errores}{chapter.5}% 103
\BOOKMARK [1][-]{section.5.20}{Depuraci\363n en jison}{chapter.5}% 104
\BOOKMARK [1][-]{section.5.21}{Construcci\363n del \301rbol Sint\341ctico}{chapter.5}% 105
\BOOKMARK [1][-]{section.5.22}{Consejos a seguir al escribir un programa jison}{chapter.5}% 106
\BOOKMARK [0][-]{chapter.6}{An\341lisis Sint\341ctico Ascendente en Ruby}{part.1}% 107
\BOOKMARK [1][-]{section.6.1}{La Calculadora}{chapter.6}% 108
\BOOKMARK [2][-]{subsection.6.1.1}{Uso desde L\355nea de Comandos}{section.6.1}% 109
\BOOKMARK [2][-]{subsection.6.1.2}{An\341lisis L\351xico con rexical}{section.6.1}% 110
\BOOKMARK [2][-]{subsection.6.1.3}{An\341lisis Sint\341ctico}{section.6.1}% 111
\BOOKMARK [1][-]{section.6.2}{V\351ase Tambi\351n}{chapter.6}% 112
\BOOKMARK [0][-]{chapter.7}{Transformaciones \301rbol}{part.1}% 113
\BOOKMARK [1][-]{section.7.1}{\301rbol de An\341lisis Abstracto}{chapter.7}% 114
\BOOKMARK [1][-]{section.7.2}{Selecci\363n de C\363digo y Gram\341ticas \301rbol}{chapter.7}% 115
\BOOKMARK [1][-]{section.7.3}{Patrones \301rbol y Transformaciones \301rbol}{chapter.7}% 116
\BOOKMARK [1][-]{section.7.4}{Ejemplo de Transformaciones \301rbol: Parse::Eyapp::TreeRegexp}{chapter.7}% 117
\BOOKMARK [1][-]{section.7.5}{Treehugger}{chapter.7}% 118
\BOOKMARK [1][-]{section.7.6}{Pr\341ctica: Transformaciones en Los \301rboles del Analizador PL0}{chapter.7}% 119
\BOOKMARK [-1][-]{part.2}{II PARTE: CREATE YOUR OWN PROGRAMMING LANGUAGE}{}% 120
\BOOKMARK [0][-]{chapter.8}{JavaScript Review }{part.2}% 121
\BOOKMARK [1][-]{section.8.1}{Closures}{chapter.8}% 122
\BOOKMARK [0][-]{chapter.9}{ Your First Compiler }{part.2}% 123
\BOOKMARK [0][-]{chapter.10}{Parsing}{part.2}% 124
\BOOKMARK [0][-]{chapter.11}{Scheem Interpreter}{part.2}% 125
\BOOKMARK [1][-]{section.11.1}{Scheem Interpreter}{chapter.11}% 126
\BOOKMARK [1][-]{section.11.2}{Variables}{chapter.11}% 127
\BOOKMARK [1][-]{section.11.3}{Setting Values}{chapter.11}% 128
\BOOKMARK [1][-]{section.11.4}{Putting Things Together}{chapter.11}% 129
\BOOKMARK [2][-]{subsection.11.4.1}{Unit Testing: Mocha}{section.11.4}% 130
\BOOKMARK [2][-]{subsection.11.4.2}{Grunt}{section.11.4}% 131
\BOOKMARK [2][-]{subsection.11.4.3}{GitHub Project Pages}{section.11.4}% 132
\BOOKMARK [0][-]{chapter.12}{Functions and all that}{part.2}% 133
\BOOKMARK [0][-]{chapter.13}{ Inventing a language for turtle graphics}{part.2}% 134
\BOOKMARK [-1][-]{part.3}{III PARTE: APUNTES DE COFFESCRIPT}{}% 135
\BOOKMARK [0][-]{chapter.14}{CoffeeScript. Introducci\363n}{part.3}% 136
\BOOKMARK [1][-]{section.14.1}{Introducci\363n}{chapter.14}% 137
\BOOKMARK [1][-]{section.14.2}{CoffeeScript y JQuery}{chapter.14}% 138
\BOOKMARK [1][-]{section.14.3}{Ambito/Scope}{chapter.14}% 139
\BOOKMARK [1][-]{section.14.4}{Cake}{chapter.14}% 140
\BOOKMARK [0][-]{chapter.15}{CoffeeScript y Express}{part.3}% 141
\BOOKMARK [1][-]{section.15.1}{Getting Started}{chapter.15}% 142
\BOOKMARK [1][-]{section.15.2}{Porting to Coffeescript}{chapter.15}% 143
\BOOKMARK [1][-]{section.15.3}{Pruebas}{chapter.15}% 144
\BOOKMARK [1][-]{section.15.4}{MongoDB}{chapter.15}% 145
\BOOKMARK [2][-]{subsection.15.4.1}{Introducci\363n}{section.15.4}% 146
\BOOKMARK [2][-]{subsection.15.4.2}{Getting Started with MongoDB}{section.15.4}% 147
\BOOKMARK [2][-]{subsection.15.4.3}{Create a Collection and Insert Documents}{section.15.4}% 148
\BOOKMARK [2][-]{subsection.15.4.4}{Insert Documents using a For Loop or a JavaScript Function}{section.15.4}% 149
\BOOKMARK [1][-]{section.15.5}{Mongoose}{chapter.15}% 150
\BOOKMARK [2][-]{subsection.15.5.1}{Getting Started}{section.15.5}% 151
\BOOKMARK [1][-]{section.15.6}{A\361adiendo Persistencia: Posts con MongoDB y Mongoose}{chapter.15}% 152
\BOOKMARK [2][-]{subsection.15.6.1}{Definiendo el Modelo y Probando que Funciona}{section.15.6}% 153
\BOOKMARK [2][-]{subsection.15.6.2}{Usando la Base de Datos MongoDB en vez de un Array en Nuestro Ejemplo}{section.15.6}% 154
